<?xml version="1.0" encoding="UTF-8"?>
<!-- Generated by org.testng.reporters.JUnitReportReporter -->
<testsuite skipped="0" hostname="DESKTOP-KNSDJRN" name="com.selenium_assignments.testscripts.Annotations_06To10" tests="3" failures="0" timestamp="12 Aug 2021 18:41:08 GMT" time="39.904" errors="0">
  <testcase name="ReadDashBoardHeader" time="3.962" classname="com.selenium_assignments.testscripts.Annotations_06To10"/>
  <testcase name="ClickOnTabsAndValidateTitle" time="28.909" classname="com.selenium_assignments.testscripts.Annotations_06To10"/>
  <testcase name="LoginToApp" time="7.033" classname="com.selenium_assignments.testscripts.Annotations_06To10"/>
</testsuite> <!-- com.selenium_assignments.testscripts.Annotations_06To10 -->
