<?xml version="1.0" encoding="UTF-8"?>
<!-- Generated by org.testng.reporters.JUnitReportReporter -->
<testsuite skipped="0" hostname="DESKTOP-KNSDJRN" name="com.selenium_assignments.testscripts.LogIn_04" tests="1" failures="0" timestamp="12 Aug 2021 06:23:45 GMT" time="12.440" errors="0">
  <testcase name="LoginToApp" time="12.440" classname="com.selenium_assignments.testscripts.LogIn_04"/>
</testsuite> <!-- com.selenium_assignments.testscripts.LogIn_04 -->
