<?xml version="1.0" encoding="UTF-8"?>
<!-- Generated by org.testng.reporters.JUnitReportReporter -->
<testsuite skipped="0" hostname="DESKTOP-KNSDJRN" name="com.selenium_assignments.testscripts.XapthAndCSSOfLogin_03" tests="1" failures="0" timestamp="12 Aug 2021 05:52:52 GMT" time="0.989" errors="0">
  <testcase name="PrintTitle" time="0.989" classname="com.selenium_assignments.testscripts.XapthAndCSSOfLogin_03"/>
</testsuite> <!-- com.selenium_assignments.testscripts.XapthAndCSSOfLogin_03 -->
