<?xml version="1.0" encoding="UTF-8"?>
<!-- Generated by org.testng.reporters.JUnitReportReporter -->
<testsuite skipped="0" hostname="DESKTOP-KNSDJRN" name="com.qa.testscripts.LogIn_04" tests="1" failures="0" timestamp="9 Aug 2021 06:35:25 GMT" time="11.952" errors="0">
  <testcase name="LoginToApp" time="11.952" classname="com.qa.testscripts.LogIn_04"/>
</testsuite> <!-- com.qa.testscripts.LogIn_04 -->
